<?xml version="1.0" encoding="UTF-8"?>
<testsuite name="repository.JpaRepositoryTest" tests="2" skipped="0" failures="0" errors="0" timestamp="2015-06-29T14:04:26" hostname="arahansa-PC" time="0.366">
  <properties/>
  <testcase name="update" classname="repository.JpaRepositoryTest" time="0.338"/>
  <testcase name="saveAndRead" classname="repository.JpaRepositoryTest" time="0.027"/>
  <system-out><![CDATA[2015-06-29 23:04:26.055  INFO 4964 --- [    Test worker] o.s.t.c.s.DefaultTestContextBootstrapper : Loaded default TestExecutionListener class names from location [META-INF/spring.factories]: [org.springframework.test.context.web.ServletTestExecutionListener, org.springframework.test.context.support.DependencyInjectionTestExecutionListener, org.springframework.test.context.support.DirtiesContextTestExecutionListener, org.springframework.test.context.transaction.TransactionalTestExecutionListener, org.springframework.test.context.jdbc.SqlScriptsTestExecutionListener]
2015-06-29 23:04:26.055  INFO 4964 --- [    Test worker] o.s.t.c.s.DefaultTestContextBootstrapper : Using TestExecutionListeners: [org.springframework.test.context.web.ServletTestExecutionListener@70016939, org.springframework.test.context.support.DependencyInjectionTestExecutionListener@623ad16f, org.springframework.test.context.support.DirtiesContextTestExecutionListener@4abba624, org.springframework.test.context.transaction.TransactionalTestExecutionListener@71cb40cd, org.springframework.test.context.jdbc.SqlScriptsTestExecutionListener@a78b76c]

  .   ____          _            __ _ _
 /\\ / ___'_ __ _ _(_)_ __  __ _ \ \ \ \
( ( )\___ | '_ | '_| | '_ \/ _` | \ \ \ \
 \\/  ___)| |_)| | | | | || (_| |  ) ) ) )
  '  |____| .__|_| |_|_| |_\__, | / / / /
 =========|_|==============|___/=/_/_/_/
 :: Spring Boot ::        (v1.2.4.RELEASE)

2015-06-29 23:04:26.084  INFO 4964 --- [    Test worker] repository.JpaRepositoryTest             : Starting JpaRepositoryTest on arahansa-PC with PID 4964 (C:\Users\arahansa\IntellijProjects\codingtest\build\classes\test started by arahansa in C:\Users\arahansa\IntellijProjects\codingtest)
2015-06-29 23:04:26.086  INFO 4964 --- [    Test worker] s.c.a.AnnotationConfigApplicationContext : Refreshing org.springframework.context.annotation.AnnotationConfigApplicationContext@6e4c889c: startup date [Mon Jun 29 23:04:26 KST 2015]; root of context hierarchy
2015-06-29 23:04:26.447  INFO 4964 --- [    Test worker] j.LocalContainerEntityManagerFactoryBean : Building JPA container EntityManagerFactory for persistence unit 'default'
2015-06-29 23:04:26.448  INFO 4964 --- [    Test worker] o.hibernate.jpa.internal.util.LogHelper  : HHH000204: Processing PersistenceUnitInfo [
	name: default
	...]
2015-06-29 23:04:26.455  INFO 4964 --- [    Test worker] org.hibernate.dialect.Dialect            : HHH000400: Using dialect: org.hibernate.dialect.H2Dialect
2015-06-29 23:04:26.459  INFO 4964 --- [    Test worker] o.h.h.i.ast.ASTQueryTranslatorFactory    : HHH000397: Using ASTQueryTranslatorFactory
2015-06-29 23:04:26.475  INFO 4964 --- [    Test worker] org.hibernate.tool.hbm2ddl.SchemaExport  : HHH000227: Running hbm2ddl schema export
Hibernate: drop table article if exists
Hibernate: drop table article_content_holder if exists
Hibernate: create table article (id bigint generated by default as identity, nick varchar(255), subject varchar(255), primary key (id))
Hibernate: create table article_content_holder (article_id bigint not null, content clob)
Hibernate: alter table article_content_holder add constraint UK_lmc85upfbnoa8o5ogwf10hobs  unique (article_id)
Hibernate: alter table article_content_holder add constraint FK_lmc85upfbnoa8o5ogwf10hobs foreign key (article_id) references article
2015-06-29 23:04:26.494  INFO 4964 --- [    Test worker] org.hibernate.tool.hbm2ddl.SchemaExport  : HHH000230: Schema export complete
2015-06-29 23:04:26.498  WARN 4964 --- [    Test worker] o.h.j.i.EntityManagerFactoryRegistry     : HHH000436: Entity manager factory name (default) is already registered.  If entity manager will be clustered or passivated, specify a unique value for property 'hibernate.ejb.entitymanager_factory_name'
2015-06-29 23:04:26.589  INFO 4964 --- [    Test worker] repository.JpaRepositoryTest             : Started JpaRepositoryTest in 0.526 seconds (JVM running for 6.515)
2015-06-29 23:04:26.609  INFO 4964 --- [    Test worker] o.s.t.c.transaction.TransactionContext   : Began transaction (1) for test context [DefaultTestContext@9df6f8a testClass = JpaRepositoryTest, testInstance = repository.JpaRepositoryTest@103bc4b7, testMethod = update@JpaRepositoryTest, testException = [null], mergedContextConfiguration = [MergedContextConfiguration@615177b5 testClass = JpaRepositoryTest, locations = '{}', classes = '{class com.codingtest.Application}', contextInitializerClasses = '[]', activeProfiles = '{}', propertySourceLocations = '{}', propertySourceProperties = '{}', contextLoader = 'org.springframework.boot.test.SpringApplicationContextLoader', parent = [null]]]; transaction manager [org.springframework.orm.jpa.JpaTransactionManager@4ad5c8fa]; rollback [true]
Hibernate: select article0_.id as id1_0_, article0_.nick as nick2_0_, article0_.subject as subject3_0_ from article article0_
Hibernate: insert into article (id, nick, subject) values (null, ?, ?)
Hibernate: insert into article (id, nick, subject) values (null, ?, ?)
Hibernate: insert into article (id, nick, subject) values (null, ?, ?)
Hibernate: insert into article (id, nick, subject) values (null, ?, ?)
Hibernate: insert into article (id, nick, subject) values (null, ?, ?)
Hibernate: select count(*) as col_0_0_ from article article0_
Hibernate: select count(*) as col_0_0_ from article article0_
Hibernate: select article0_.id as id1_0_, article0_.nick as nick2_0_, article0_.subject as subject3_0_ from article article0_
msg~Article{id=5, subject='subject4', nick='arahansa4', content='hello world4'}
msg~Article{id=5, subject='subject4', nick='arahansa2', content='hello world4'}
Hibernate: update article set nick=?, subject=? where id=?
Hibernate: insert into article_content_holder (article_id, content) values (?, ?)
Hibernate: insert into article_content_holder (article_id, content) values (?, ?)
Hibernate: insert into article_content_holder (article_id, content) values (?, ?)
Hibernate: insert into article_content_holder (article_id, content) values (?, ?)
Hibernate: insert into article_content_holder (article_id, content) values (?, ?)
Hibernate: select article0_.id as id1_0_, article0_.nick as nick2_0_, article0_.subject as subject3_0_ from article article0_
Hibernate: delete from article_content_holder where article_id=?
Hibernate: delete from article_content_holder where article_id=?
Hibernate: delete from article_content_holder where article_id=?
Hibernate: delete from article_content_holder where article_id=?
Hibernate: delete from article_content_holder where article_id=?
Hibernate: delete from article where id=?
Hibernate: delete from article where id=?
Hibernate: delete from article where id=?
Hibernate: delete from article where id=?
Hibernate: delete from article where id=?
Hibernate: select count(*) as col_0_0_ from article article0_
Hibernate: insert into article (id, nick, subject) values (null, ?, ?)
Hibernate: select count(*) as col_0_0_ from article article0_
Hibernate: select article0_.id as id1_0_, article0_.nick as nick2_0_, article0_.subject as subject3_0_ from article article0_
Hibernate: delete from article where id=?
Hibernate: select count(*) as col_0_0_ from article article0_
2015-06-29 23:04:26.940  INFO 4964 --- [    Test worker] o.s.t.c.transaction.TransactionContext   : Rolled back transaction for test context [DefaultTestContext@9df6f8a testClass = JpaRepositoryTest, testInstance = repository.JpaRepositoryTest@103bc4b7, testMethod = update@JpaRepositoryTest, testException = [null], mergedContextConfiguration = [MergedContextConfiguration@615177b5 testClass = JpaRepositoryTest, locations = '{}', classes = '{class com.codingtest.Application}', contextInitializerClasses = '[]', activeProfiles = '{}', propertySourceLocations = '{}', propertySourceProperties = '{}', contextLoader = 'org.springframework.boot.test.SpringApplicationContextLoader', parent = [null]]].
2015-06-29 23:04:26.942  INFO 4964 --- [    Test worker] o.s.t.c.transaction.TransactionContext   : Began transaction (1) for test context [DefaultTestContext@9df6f8a testClass = JpaRepositoryTest, testInstance = repository.JpaRepositoryTest@145bd88a, testMethod = saveAndRead@JpaRepositoryTest, testException = [null], mergedContextConfiguration = [MergedContextConfiguration@615177b5 testClass = JpaRepositoryTest, locations = '{}', classes = '{class com.codingtest.Application}', contextInitializerClasses = '[]', activeProfiles = '{}', propertySourceLocations = '{}', propertySourceProperties = '{}', contextLoader = 'org.springframework.boot.test.SpringApplicationContextLoader', parent = [null]]]; transaction manager [org.springframework.orm.jpa.JpaTransactionManager@4ad5c8fa]; rollback [true]
Hibernate: select article0_.id as id1_0_, article0_.nick as nick2_0_, article0_.subject as subject3_0_ from article article0_
Hibernate: insert into article (id, nick, subject) values (null, ?, ?)
Hibernate: insert into article (id, nick, subject) values (null, ?, ?)
Hibernate: insert into article (id, nick, subject) values (null, ?, ?)
Hibernate: insert into article (id, nick, subject) values (null, ?, ?)
Hibernate: insert into article (id, nick, subject) values (null, ?, ?)
Hibernate: select count(*) as col_0_0_ from article article0_
Hibernate: insert into article (id, nick, subject) values (null, ?, ?)
Hibernate: select count(*) as col_0_0_ from article article0_
Hibernate: select article0_.id as id1_0_, article0_.nick as nick2_0_, article0_.subject as subject3_0_ from article article0_
Hibernate: select article0_.id as id1_0_, article0_.nick as nick2_0_, article0_.subject as subject3_0_ from article article0_
Hibernate: delete from article where id=?
Hibernate: delete from article where id=?
Hibernate: delete from article where id=?
Hibernate: delete from article where id=?
Hibernate: delete from article where id=?
Hibernate: delete from article where id=?
Hibernate: select count(*) as col_0_0_ from article article0_
Hibernate: insert into article (id, nick, subject) values (null, ?, ?)
Hibernate: select count(*) as col_0_0_ from article article0_
Hibernate: select article0_.id as id1_0_, article0_.nick as nick2_0_, article0_.subject as subject3_0_ from article article0_
Hibernate: delete from article where id=?
Hibernate: select count(*) as col_0_0_ from article article0_
2015-06-29 23:04:26.968  INFO 4964 --- [    Test worker] o.s.t.c.transaction.TransactionContext   : Rolled back transaction for test context [DefaultTestContext@9df6f8a testClass = JpaRepositoryTest, testInstance = repository.JpaRepositoryTest@145bd88a, testMethod = saveAndRead@JpaRepositoryTest, testException = [null], mergedContextConfiguration = [MergedContextConfiguration@615177b5 testClass = JpaRepositoryTest, locations = '{}', classes = '{class com.codingtest.Application}', contextInitializerClasses = '[]', activeProfiles = '{}', propertySourceLocations = '{}', propertySourceProperties = '{}', contextLoader = 'org.springframework.boot.test.SpringApplicationContextLoader', parent = [null]]].
]]></system-out>
  <system-err><![CDATA[]]></system-err>
</testsuite>
