<?xml version="1.0" encoding="UTF-8"?>
<testsuite name="controller.ArticleControllerTest" tests="7" skipped="0" failures="0" errors="0" timestamp="2015-06-29T14:04:25" hostname="arahansa-PC" time="0.367">
  <properties/>
  <testcase name="notfoundHandling" classname="controller.ArticleControllerTest" time="0.159"/>
  <testcase name="update" classname="controller.ArticleControllerTest" time="0.109"/>
  <testcase name="del" classname="controller.ArticleControllerTest" time="0.02"/>
  <testcase name="read" classname="controller.ArticleControllerTest" time="0.006"/>
  <testcase name="index" classname="controller.ArticleControllerTest" time="0.006"/>
  <testcase name="emptyValueErrorHandling" classname="controller.ArticleControllerTest" time="0.044"/>
  <testcase name="postTest" classname="controller.ArticleControllerTest" time="0.017"/>
  <system-out><![CDATA[23:04:20.874 [Test worker] DEBUG o.s.t.c.j.SpringJUnit4ClassRunner - SpringJUnit4ClassRunner constructor called with [class controller.ArticleControllerTest].
23:04:20.883 [Test worker] DEBUG o.s.test.context.BootstrapUtils - Instantiating TestContextBootstrapper from class [org.springframework.test.context.web.WebTestContextBootstrapper]
23:04:20.900 [Test worker] DEBUG o.s.t.c.w.WebTestContextBootstrapper - Found explicit ContextLoader class [org.springframework.boot.test.SpringApplicationContextLoader] for context configuration attributes [ContextConfigurationAttributes@39d48819 declaringClass = 'controller.ArticleControllerTest', classes = '{class com.codingtest.Application}', locations = '{}', inheritLocations = true, initializers = '{}', inheritInitializers = true, name = [null], contextLoaderClass = 'org.springframework.boot.test.SpringApplicationContextLoader']
23:04:20.904 [Test worker] DEBUG o.s.t.c.support.ActiveProfilesUtils - Could not find an 'annotation declaring class' for annotation type [org.springframework.test.context.ActiveProfiles] and class [controller.ArticleControllerTest]
23:04:20.907 [Test worker] DEBUG o.s.t.c.w.WebTestContextBootstrapper - @TestExecutionListeners is not present for class [controller.ArticleControllerTest]: using defaults.
23:04:20.917 [Test worker] INFO  o.s.t.c.w.WebTestContextBootstrapper - Loaded default TestExecutionListener class names from location [META-INF/spring.factories]: [org.springframework.test.context.web.ServletTestExecutionListener, org.springframework.test.context.support.DependencyInjectionTestExecutionListener, org.springframework.test.context.support.DirtiesContextTestExecutionListener, org.springframework.test.context.transaction.TransactionalTestExecutionListener, org.springframework.test.context.jdbc.SqlScriptsTestExecutionListener]
23:04:20.939 [Test worker] INFO  o.s.t.c.w.WebTestContextBootstrapper - Using TestExecutionListeners: [org.springframework.test.context.web.ServletTestExecutionListener@74e72806, org.springframework.test.context.support.DependencyInjectionTestExecutionListener@5221779e, org.springframework.test.context.support.DirtiesContextTestExecutionListener@4e6e256a, org.springframework.test.context.transaction.TransactionalTestExecutionListener@4c3db667, org.springframework.test.context.jdbc.SqlScriptsTestExecutionListener@15710fe]
23:04:20.950 [Test worker] DEBUG o.s.t.annotation.ProfileValueUtils - Retrieved @ProfileValueSourceConfiguration [null] for test class [controller.ArticleControllerTest]
23:04:20.952 [Test worker] DEBUG o.s.t.annotation.ProfileValueUtils - Retrieved ProfileValueSource type [class org.springframework.test.annotation.SystemProfileValueSource] for class [controller.ArticleControllerTest]
23:04:20.955 [Test worker] DEBUG o.s.t.annotation.ProfileValueUtils - Retrieved @ProfileValueSourceConfiguration [null] for test class [controller.ArticleControllerTest]
23:04:20.955 [Test worker] DEBUG o.s.t.annotation.ProfileValueUtils - Retrieved ProfileValueSource type [class org.springframework.test.annotation.SystemProfileValueSource] for class [controller.ArticleControllerTest]
23:04:20.956 [Test worker] DEBUG o.s.t.annotation.ProfileValueUtils - Retrieved @ProfileValueSourceConfiguration [null] for test class [controller.ArticleControllerTest]
23:04:20.956 [Test worker] DEBUG o.s.t.annotation.ProfileValueUtils - Retrieved ProfileValueSource type [class org.springframework.test.annotation.SystemProfileValueSource] for class [controller.ArticleControllerTest]
23:04:20.958 [Test worker] DEBUG o.s.t.annotation.ProfileValueUtils - Retrieved @ProfileValueSourceConfiguration [null] for test class [controller.ArticleControllerTest]
23:04:20.958 [Test worker] DEBUG o.s.t.annotation.ProfileValueUtils - Retrieved ProfileValueSource type [class org.springframework.test.annotation.SystemProfileValueSource] for class [controller.ArticleControllerTest]
23:04:21.062 [Test worker] DEBUG o.s.core.env.StandardEnvironment - Adding [systemProperties] PropertySource with lowest search precedence
23:04:21.065 [Test worker] DEBUG o.s.core.env.StandardEnvironment - Adding [systemEnvironment] PropertySource with lowest search precedence
23:04:21.065 [Test worker] DEBUG o.s.core.env.StandardEnvironment - Initialized StandardEnvironment with PropertySources [systemProperties,systemEnvironment]
23:04:21.066 [Test worker] DEBUG o.s.core.env.StandardEnvironment - Adding [integrationTest] PropertySource with search precedence immediately lower than [systemEnvironment]

  .   ____          _            __ _ _
 /\\ / ___'_ __ _ _(_)_ __  __ _ \ \ \ \
( ( )\___ | '_ | '_| | '_ \/ _` | \ \ \ \
 \\/  ___)| |_)| | | | | || (_| |  ) ) ) )
  '  |____| .__|_| |_|_| |_\__, | / / / /
 =========|_|==============|___/=/_/_/_/
 :: Spring Boot ::        (v1.2.4.RELEASE)

2015-06-29 23:04:21.312  INFO 4964 --- [    Test worker] controller.ArticleControllerTest         : Starting ArticleControllerTest on arahansa-PC with PID 4964 (C:\Users\arahansa\IntellijProjects\codingtest\build\classes\test started by arahansa in C:\Users\arahansa\IntellijProjects\codingtest)
2015-06-29 23:04:21.395  INFO 4964 --- [    Test worker] o.s.w.c.s.GenericWebApplicationContext   : Refreshing org.springframework.web.context.support.GenericWebApplicationContext@2e2af99a: startup date [Mon Jun 29 23:04:21 KST 2015]; root of context hierarchy
2015-06-29 23:04:22.142  INFO 4964 --- [    Test worker] o.s.b.f.s.DefaultListableBeanFactory     : Overriding bean definition for bean 'beanNameViewResolver': replacing [Root bean: class [null]; scope=; abstract=false; lazyInit=false; autowireMode=3; dependencyCheck=0; autowireCandidate=true; primary=false; factoryBeanName=org.springframework.boot.autoconfigure.web.ErrorMvcAutoConfiguration$WhitelabelErrorViewConfiguration; factoryMethodName=beanNameViewResolver; initMethodName=null; destroyMethodName=(inferred); defined in class path resource [org/springframework/boot/autoconfigure/web/ErrorMvcAutoConfiguration$WhitelabelErrorViewConfiguration.class]] with [Root bean: class [null]; scope=; abstract=false; lazyInit=false; autowireMode=3; dependencyCheck=0; autowireCandidate=true; primary=false; factoryBeanName=org.springframework.boot.autoconfigure.web.WebMvcAutoConfiguration$WebMvcAutoConfigurationAdapter; factoryMethodName=beanNameViewResolver; initMethodName=null; destroyMethodName=(inferred); defined in class path resource [org/springframework/boot/autoconfigure/web/WebMvcAutoConfiguration$WebMvcAutoConfigurationAdapter.class]]
2015-06-29 23:04:22.689  INFO 4964 --- [    Test worker] trationDelegate$BeanPostProcessorChecker : Bean 'org.springframework.transaction.annotation.ProxyTransactionManagementConfiguration' of type [class org.springframework.transaction.annotation.ProxyTransactionManagementConfiguration$$EnhancerBySpringCGLIB$$e6320fd2] is not eligible for getting processed by all BeanPostProcessors (for example: not eligible for auto-proxying)
2015-06-29 23:04:22.723  INFO 4964 --- [    Test worker] trationDelegate$BeanPostProcessorChecker : Bean 'transactionAttributeSource' of type [class org.springframework.transaction.annotation.AnnotationTransactionAttributeSource] is not eligible for getting processed by all BeanPostProcessors (for example: not eligible for auto-proxying)
2015-06-29 23:04:22.746  INFO 4964 --- [    Test worker] trationDelegate$BeanPostProcessorChecker : Bean 'transactionInterceptor' of type [class org.springframework.transaction.interceptor.TransactionInterceptor] is not eligible for getting processed by all BeanPostProcessors (for example: not eligible for auto-proxying)
2015-06-29 23:04:22.759  INFO 4964 --- [    Test worker] trationDelegate$BeanPostProcessorChecker : Bean 'org.springframework.transaction.config.internalTransactionAdvisor' of type [class org.springframework.transaction.interceptor.BeanFactoryTransactionAttributeSourceAdvisor] is not eligible for getting processed by all BeanPostProcessors (for example: not eligible for auto-proxying)
2015-06-29 23:04:23.338  INFO 4964 --- [    Test worker] j.LocalContainerEntityManagerFactoryBean : Building JPA container EntityManagerFactory for persistence unit 'default'
2015-06-29 23:04:23.359  INFO 4964 --- [    Test worker] o.hibernate.jpa.internal.util.LogHelper  : HHH000204: Processing PersistenceUnitInfo [
	name: default
	...]
2015-06-29 23:04:23.443  INFO 4964 --- [    Test worker] org.hibernate.Version                    : HHH000412: Hibernate Core {4.3.10.Final}
2015-06-29 23:04:23.446  INFO 4964 --- [    Test worker] org.hibernate.cfg.Environment            : HHH000206: hibernate.properties not found
2015-06-29 23:04:23.448  INFO 4964 --- [    Test worker] org.hibernate.cfg.Environment            : HHH000021: Bytecode provider name : javassist
2015-06-29 23:04:23.701  INFO 4964 --- [    Test worker] o.hibernate.annotations.common.Version   : HCANN000001: Hibernate Commons Annotations {4.0.5.Final}
2015-06-29 23:04:23.813  INFO 4964 --- [    Test worker] org.hibernate.dialect.Dialect            : HHH000400: Using dialect: org.hibernate.dialect.H2Dialect
2015-06-29 23:04:23.956  INFO 4964 --- [    Test worker] o.h.h.i.ast.ASTQueryTranslatorFactory    : HHH000397: Using ASTQueryTranslatorFactory
2015-06-29 23:04:24.397  INFO 4964 --- [    Test worker] org.hibernate.tool.hbm2ddl.SchemaExport  : HHH000227: Running hbm2ddl schema export
Hibernate: drop table article if exists
Hibernate: drop table article_content_holder if exists
Hibernate: create table article (id bigint generated by default as identity, nick varchar(255), subject varchar(255), primary key (id))
Hibernate: create table article_content_holder (article_id bigint not null, content clob)
Hibernate: alter table article_content_holder add constraint UK_lmc85upfbnoa8o5ogwf10hobs  unique (article_id)
Hibernate: alter table article_content_holder add constraint FK_lmc85upfbnoa8o5ogwf10hobs foreign key (article_id) references article
2015-06-29 23:04:24.418  INFO 4964 --- [    Test worker] org.hibernate.tool.hbm2ddl.SchemaExport  : HHH000230: Schema export complete
2015-06-29 23:04:25.425  INFO 4964 --- [    Test worker] s.w.s.m.m.a.RequestMappingHandlerAdapter : Looking for @ControllerAdvice: org.springframework.web.context.support.GenericWebApplicationContext@2e2af99a: startup date [Mon Jun 29 23:04:21 KST 2015]; root of context hierarchy
2015-06-29 23:04:25.480  INFO 4964 --- [    Test worker] s.w.s.m.m.a.RequestMappingHandlerMapping : Mapped "{[/article/{id}],methods=[GET],params=[],headers=[],consumes=[],produces=[],custom=[]}" onto public org.springframework.http.ResponseEntity<?> com.codingtest.controller.ArticleController.getArticle(java.lang.Long) throws com.codingtest.exception.NotFoundException
2015-06-29 23:04:25.480  INFO 4964 --- [    Test worker] s.w.s.m.m.a.RequestMappingHandlerMapping : Mapped "{[/article/{id}],methods=[PUT],params=[],headers=[],consumes=[application/json],produces=[],custom=[]}" onto public org.springframework.http.ResponseEntity<?> com.codingtest.controller.ArticleController.updateArticle(com.codingtest.model.Article,java.lang.Long,org.springframework.validation.BindingResult) throws com.codingtest.exception.NotFoundException
2015-06-29 23:04:25.481  INFO 4964 --- [    Test worker] s.w.s.m.m.a.RequestMappingHandlerMapping : Mapped "{[/article],methods=[POST],params=[],headers=[],consumes=[application/json],produces=[],custom=[]}" onto public org.springframework.http.ResponseEntity<?> com.codingtest.controller.ArticleController.writeArticle(com.codingtest.model.Article,org.springframework.validation.BindingResult) throws com.codingtest.exception.NotFoundException
2015-06-29 23:04:25.481  INFO 4964 --- [    Test worker] s.w.s.m.m.a.RequestMappingHandlerMapping : Mapped "{[/article/{id}],methods=[DELETE],params=[],headers=[],consumes=[],produces=[],custom=[]}" onto public org.springframework.http.ResponseEntity<?> com.codingtest.controller.ArticleController.deleteArticle(java.lang.Long) throws com.codingtest.exception.NotFoundException
2015-06-29 23:04:25.481  INFO 4964 --- [    Test worker] s.w.s.m.m.a.RequestMappingHandlerMapping : Mapped "{[/article],methods=[GET],params=[],headers=[],consumes=[],produces=[],custom=[]}" onto public org.springframework.http.ResponseEntity<?> com.codingtest.controller.ArticleController.listArticle()
2015-06-29 23:04:25.482  INFO 4964 --- [    Test worker] s.w.s.m.m.a.RequestMappingHandlerMapping : Mapped "{[/error],methods=[],params=[],headers=[],consumes=[],produces=[],custom=[]}" onto public org.springframework.http.ResponseEntity<java.util.Map<java.lang.String, java.lang.Object>> org.springframework.boot.autoconfigure.web.BasicErrorController.error(javax.servlet.http.HttpServletRequest)
2015-06-29 23:04:25.482  INFO 4964 --- [    Test worker] s.w.s.m.m.a.RequestMappingHandlerMapping : Mapped "{[/error],methods=[],params=[],headers=[],consumes=[],produces=[text/html],custom=[]}" onto public org.springframework.web.servlet.ModelAndView org.springframework.boot.autoconfigure.web.BasicErrorController.errorHtml(javax.servlet.http.HttpServletRequest)
2015-06-29 23:04:25.505  INFO 4964 --- [    Test worker] o.s.w.s.handler.SimpleUrlHandlerMapping  : Mapped URL path [/webjars/**] onto handler of type [class org.springframework.web.servlet.resource.ResourceHttpRequestHandler]
2015-06-29 23:04:25.506  INFO 4964 --- [    Test worker] o.s.w.s.handler.SimpleUrlHandlerMapping  : Mapped URL path [/**] onto handler of type [class org.springframework.web.servlet.resource.ResourceHttpRequestHandler]
2015-06-29 23:04:25.520  INFO 4964 --- [    Test worker] .m.m.a.ExceptionHandlerExceptionResolver : Detected @ExceptionHandler methods in errorController
2015-06-29 23:04:25.539  INFO 4964 --- [    Test worker] o.s.w.s.handler.SimpleUrlHandlerMapping  : Mapped URL path [/**/favicon.ico] onto handler of type [class org.springframework.web.servlet.resource.ResourceHttpRequestHandler]
2015-06-29 23:04:25.659  INFO 4964 --- [    Test worker] controller.ArticleControllerTest         : Started ArticleControllerTest in 4.563 seconds (JVM running for 5.586)
2015-06-29 23:04:25.688  INFO 4964 --- [    Test worker] o.s.mock.web.MockServletContext          : Initializing Spring FrameworkServlet ''
2015-06-29 23:04:25.688  INFO 4964 --- [    Test worker] o.s.t.web.servlet.TestDispatcherServlet  : FrameworkServlet '': initialization started
2015-06-29 23:04:25.712  INFO 4964 --- [    Test worker] o.s.t.web.servlet.TestDispatcherServlet  : FrameworkServlet '': initialization completed in 24 ms
2015-06-29 23:04:25.833  INFO 4964 --- [    Test worker] o.s.mock.web.MockServletContext          : Initializing Spring FrameworkServlet ''
2015-06-29 23:04:25.833  INFO 4964 --- [    Test worker] o.s.t.web.servlet.TestDispatcherServlet  : FrameworkServlet '': initialization started
2015-06-29 23:04:25.836  INFO 4964 --- [    Test worker] o.s.t.web.servlet.TestDispatcherServlet  : FrameworkServlet '': initialization completed in 3 ms
2015-06-29 23:04:25.944  INFO 4964 --- [    Test worker] o.s.mock.web.MockServletContext          : Initializing Spring FrameworkServlet ''
2015-06-29 23:04:25.950  INFO 4964 --- [    Test worker] o.s.t.web.servlet.TestDispatcherServlet  : FrameworkServlet '': initialization started
2015-06-29 23:04:25.953  INFO 4964 --- [    Test worker] o.s.t.web.servlet.TestDispatcherServlet  : FrameworkServlet '': initialization completed in 2 ms
2015-06-29 23:04:25.965  INFO 4964 --- [    Test worker] o.s.mock.web.MockServletContext          : Initializing Spring FrameworkServlet ''
2015-06-29 23:04:25.966  INFO 4964 --- [    Test worker] o.s.t.web.servlet.TestDispatcherServlet  : FrameworkServlet '': initialization started
2015-06-29 23:04:25.969  INFO 4964 --- [    Test worker] o.s.t.web.servlet.TestDispatcherServlet  : FrameworkServlet '': initialization completed in 3 ms
2015-06-29 23:04:25.972  INFO 4964 --- [    Test worker] o.s.mock.web.MockServletContext          : Initializing Spring FrameworkServlet ''
2015-06-29 23:04:25.973  INFO 4964 --- [    Test worker] o.s.t.web.servlet.TestDispatcherServlet  : FrameworkServlet '': initialization started
2015-06-29 23:04:25.975  INFO 4964 --- [    Test worker] o.s.t.web.servlet.TestDispatcherServlet  : FrameworkServlet '': initialization completed in 2 ms
2015-06-29 23:04:25.979  INFO 4964 --- [    Test worker] o.s.mock.web.MockServletContext          : Initializing Spring FrameworkServlet ''
2015-06-29 23:04:25.979  INFO 4964 --- [    Test worker] o.s.t.web.servlet.TestDispatcherServlet  : FrameworkServlet '': initialization started
2015-06-29 23:04:25.985  INFO 4964 --- [    Test worker] o.s.t.web.servlet.TestDispatcherServlet  : FrameworkServlet '': initialization completed in 6 ms
2015-06-29 23:04:26.023  INFO 4964 --- [    Test worker] o.s.mock.web.MockServletContext          : Initializing Spring FrameworkServlet ''
2015-06-29 23:04:26.023  INFO 4964 --- [    Test worker] o.s.t.web.servlet.TestDispatcherServlet  : FrameworkServlet '': initialization started
2015-06-29 23:04:26.025  INFO 4964 --- [    Test worker] o.s.t.web.servlet.TestDispatcherServlet  : FrameworkServlet '': initialization completed in 2 ms
]]></system-out>
  <system-err><![CDATA[]]></system-err>
</testsuite>
